<?xml version="1.0" encoding="UTF-8"?>
<!-- Generated by org.testng.reporters.JUnitXMLReporter -->
<testsuite hostname="HOME" ignored="1" name="Test" tests="2" failures="0" timestamp="25 Nov 2019 14:11:19 GMT" time="0.044" errors="0">
  <testcase name="test1" time="0.012" classname="com.TestNg_Practice.TC04_GroupByTestNG"/>
  <testcase name="test2" time="0.004" classname="com.TestNg_Practice.TC04_GroupByTestNG"/>
  <testcase name="test3" time="0.0" classname="com.TestNg_Practice.TC04_GroupByTestNG">
    <ignored/>
  </testcase> <!-- test3 -->
</testsuite> <!-- Test -->
