<?xml version="1.0" encoding="UTF-8"?>
<testng-results skipped="0" failed="0" ignored="0" total="1" passed="1">
  <reporter-output>
  </reporter-output>
  <suite name="Default suite" duration-ms="47" started-at="2020-04-22T07:06:11Z" finished-at="2020-04-22T07:06:11Z">
    <groups>
    </groups>
    <test name="Default test" duration-ms="47" started-at="2020-04-22T07:06:11Z" finished-at="2020-04-22T07:06:11Z">
      <class name="com.TestNg_InterviewQuestions.TC02_DiffBeforeMethodAndBeforeTest">
        <test-method status="PASS" signature="beforeTest()[pri:0, instance:com.TestNg_InterviewQuestions.TC02_DiffBeforeMethodAndBeforeTest@100fc185]" name="beforeTest" is-config="true" duration-ms="15" started-at="2020-04-22T07:06:11Z" finished-at="2020-04-22T07:06:11Z">
          <reporter-output>
          </reporter-output>
        </test-method> <!-- beforeTest -->
        <test-method status="PASS" signature="test()[pri:0, instance:com.TestNg_InterviewQuestions.TC02_DiffBeforeMethodAndBeforeTest@100fc185]" name="test" duration-ms="0" started-at="2020-04-22T07:06:11Z" finished-at="2020-04-22T07:06:11Z">
          <reporter-output>
          </reporter-output>
        </test-method> <!-- test -->
        <test-method status="PASS" signature="beforeMethod()[pri:0, instance:com.TestNg_InterviewQuestions.TC02_DiffBeforeMethodAndBeforeTest@100fc185]" name="beforeMethod" is-config="true" duration-ms="0" started-at="2020-04-22T07:06:11Z" finished-at="2020-04-22T07:06:11Z">
          <reporter-output>
          </reporter-output>
        </test-method> <!-- beforeMethod -->
      </class> <!-- com.TestNg_InterviewQuestions.TC02_DiffBeforeMethodAndBeforeTest -->
    </test> <!-- Default test -->
  </suite> <!-- Default suite -->
</testng-results>
