<?xml version="1.0" encoding="UTF-8"?>
<!-- Generated by org.testng.reporters.JUnitXMLReporter -->
<testsuite hostname="HOME" ignored="0" name="Sprint1" tests="3" failures="1" timestamp="28 Nov 2019 11:34:10 GMT" time="0.059" errors="0">
  <testcase name="facebook" time="0.011" classname="com.TestNg_FailedTestCases.Testcase1"/>
  <testcase name="Twitter" time="0.004" classname="com.TestNg_FailedTestCases.Testcase2"/>
  <testcase name="wordpress" time="0.005" classname="com.TestNg_FailedTestCases.Testcase3">
    <failure type="java.lang.AssertionError" message="expected [true] but found [false]">
      <![CDATA[java.lang.AssertionError: expected [true] but found [false]
at com.TestNg_FailedTestCases.Testcase3.wordpress(Testcase3.java:12)
... Removed 29 stack frames]]>
    </failure>
  </testcase> <!-- wordpress -->
</testsuite> <!-- Sprint1 -->
